<?xml version="1.0" encoding="UTF-8"?>
<!-- Generated by org.testng.reporters.JUnitReportReporter -->
<testsuite skipped="0" hostname="EPLTVILW0107" name="com.epam.automation.test.EstimatedCostInComputeEngineTest" tests="1" failures="0" timestamp="2022-03-30T18:11:58 EEST" time="16.930" errors="0">
  <testcase name="compareOfCalculationsByProgramAndManually" time="16.930" classname="com.epam.automation.test.EstimatedCostInComputeEngineTest"/>
  <system-out/>
</testsuite> <!-- com.epam.automation.test.EstimatedCostInComputeEngineTest -->
