<?xml version="1.0" encoding="UTF-8"?>
<!-- Generated by org.testng.reporters.JUnitReportReporter -->
<testsuite hostname="EPLTVILW0107" failures="0" tests="5" name="com.epam.automation.test.EstimatedParametersTest" time="84.870" errors="0" timestamp="2022-03-30T12:46:26 EEST" skipped="0">
  <testcase classname="com.epam.automation.test.EstimatedParametersTest" name="testVerifyInstanceType" time="16.927"/>
  <system-out/>
  <testcase classname="com.epam.automation.test.EstimatedParametersTest" name="testVerifyRegion" time="16.899"/>
  <system-out/>
  <testcase classname="com.epam.automation.test.EstimatedParametersTest" name="testVerifyVMClassField" time="15.727"/>
  <system-out/>
  <testcase classname="com.epam.automation.test.EstimatedParametersTest" name="testVerifyCommitmentTerm" time="17.941"/>
  <system-out/>
  <testcase classname="com.epam.automation.test.EstimatedParametersTest" name="testVerifyLocalSSD" time="17.376"/>
  <system-out/>
</testsuite> <!-- com.epam.automation.test.EstimatedParametersTest -->
