<?xml version="1.0" encoding="UTF-8"?>
<!-- Generated by org.testng.reporters.JUnitReportReporter -->
<testsuite skipped="0" hostname="EPLTVILW0107" name="com.epam.automation.test.EstimatedParametersTest" tests="5" failures="0" timestamp="2022-03-30T15:52:44 EEST" time="83.742" errors="0">
  <testcase name="testVerifyRegion" time="20.339" classname="com.epam.automation.test.EstimatedParametersTest"/>
  <system-out/>
  <testcase name="testVerifyVMClassField" time="16.504" classname="com.epam.automation.test.EstimatedParametersTest"/>
  <system-out/>
  <testcase name="testVerifyCommitmentTerm" time="15.385" classname="com.epam.automation.test.EstimatedParametersTest"/>
  <system-out/>
  <testcase name="testVerifyLocalSSD" time="16.917" classname="com.epam.automation.test.EstimatedParametersTest"/>
  <system-out/>
  <testcase name="testVerifyInstanceType" time="14.597" classname="com.epam.automation.test.EstimatedParametersTest"/>
  <system-out/>
</testsuite> <!-- com.epam.automation.test.EstimatedParametersTest -->
