<?xml version="1.0" encoding="UTF-8"?>
<!-- Generated by org.testng.reporters.JUnitReportReporter -->
<testsuite skipped="0" hostname="EPLTVILW0107" name="com.epam.automation.test.EstimatedParametersTest" tests="5" failures="0" timestamp="2022-03-31T11:00:20 EEST" time="90.337" errors="0">
  <testcase name="testVerifyRegion" time="20.728" classname="com.epam.automation.test.EstimatedParametersTest"/>
  <system-out/>
  <testcase name="testVerifyInstanceType" time="16.727" classname="com.epam.automation.test.EstimatedParametersTest"/>
  <system-out/>
  <testcase name="testVerifyLocalSSD" time="17.929" classname="com.epam.automation.test.EstimatedParametersTest"/>
  <system-out/>
  <testcase name="testVerifyCommitmentTerm" time="16.868" classname="com.epam.automation.test.EstimatedParametersTest"/>
  <system-out/>
  <testcase name="testVerifyVMClassField" time="18.085" classname="com.epam.automation.test.EstimatedParametersTest"/>
  <system-out/>
</testsuite> <!-- com.epam.automation.test.EstimatedParametersTest -->
