<?xml version="1.0" encoding="UTF-8"?>
<!-- Generated by org.testng.reporters.JUnitReportReporter -->
<testsuite skipped="0" hostname="EPLTVILW0107" name="com.epam.automation.test.EstimatedCostInComputeEngineTest" tests="1" failures="0" timestamp="2022-03-31T11:00:20 EEST" time="19.159" errors="0">
  <testcase name="compareOfCalculationsByProgramAndManually" time="19.159" classname="com.epam.automation.test.EstimatedCostInComputeEngineTest"/>
  <system-out/>
</testsuite> <!-- com.epam.automation.test.EstimatedCostInComputeEngineTest -->
