<?xml version="1.0" encoding="UTF-8"?>
<!-- Generated by org.testng.reporters.JUnitReportReporter -->
<testsuite hostname="EPLTVILW0107" failures="0" tests="1" name="com.epam.automation.test.EstimatedCostInComputeEngineTest" time="17.964" errors="0" timestamp="2022-03-30T12:46:26 EEST" skipped="0">
  <testcase classname="com.epam.automation.test.EstimatedCostInComputeEngineTest" name="compareOfCalculationsByProgramAndManually" time="17.964"/>
  <system-out/>
</testsuite> <!-- com.epam.automation.test.EstimatedCostInComputeEngineTest -->
