<?xml version="1.0" encoding="UTF-8"?>
<!-- Generated by org.testng.reporters.JUnitReportReporter -->
<testsuite skipped="0" hostname="EPLTVILW0107" name="com.epam.automation.test.EstimatedParametersTest" tests="5" failures="0" timestamp="2022-03-30T17:10:19 EEST" time="90.426" errors="0">
  <testcase name="testVerifyInstanceType" time="19.133" classname="com.epam.automation.test.EstimatedParametersTest"/>
  <system-out/>
  <testcase name="testVerifyRegion" time="19.267" classname="com.epam.automation.test.EstimatedParametersTest"/>
  <system-out/>
  <testcase name="testVerifyCommitmentTerm" time="17.812" classname="com.epam.automation.test.EstimatedParametersTest"/>
  <system-out/>
  <testcase name="testVerifyVMClassField" time="17.899" classname="com.epam.automation.test.EstimatedParametersTest"/>
  <system-out/>
  <testcase name="testVerifyLocalSSD" time="16.315" classname="com.epam.automation.test.EstimatedParametersTest"/>
  <system-out/>
</testsuite> <!-- com.epam.automation.test.EstimatedParametersTest -->
