<?xml version="1.0" encoding="UTF-8"?>
<!-- Generated by org.testng.reporters.JUnitReportReporter -->
<testsuite skipped="0" hostname="EPLTVILW0107" name="com.epam.automation.test.EstimatedCostInComputeEngineTest" tests="1" failures="0" timestamp="2022-03-30T15:52:44 EEST" time="20.111" errors="0">
  <testcase name="compareOfCalculationsByProgramAndManually" time="20.111" classname="com.epam.automation.test.EstimatedCostInComputeEngineTest"/>
  <system-out/>
</testsuite> <!-- com.epam.automation.test.EstimatedCostInComputeEngineTest -->
