<?xml version="1.0" encoding="UTF-8"?>
<!-- Generated by org.testng.reporters.JUnitReportReporter -->
<testsuite skipped="0" hostname="EPLTVILW0107" name="com.epam.automation.test.EstimatedParametersTest" tests="5" failures="0" timestamp="2022-03-30T18:29:40 EEST" time="86.164" errors="0">
  <testcase name="testVerifyLocalSSD" time="16.581" classname="com.epam.automation.test.EstimatedParametersTest"/>
  <system-out/>
  <testcase name="testVerifyCommitmentTerm" time="18.415" classname="com.epam.automation.test.EstimatedParametersTest"/>
  <system-out/>
  <testcase name="testVerifyRegion" time="18.720" classname="com.epam.automation.test.EstimatedParametersTest"/>
  <system-out/>
  <testcase name="testVerifyVMClassField" time="17.242" classname="com.epam.automation.test.EstimatedParametersTest"/>
  <system-out/>
  <testcase name="testVerifyInstanceType" time="15.206" classname="com.epam.automation.test.EstimatedParametersTest"/>
  <system-out/>
</testsuite> <!-- com.epam.automation.test.EstimatedParametersTest -->
