<?xml version="1.0" encoding="UTF-8"?>
<!-- Generated by org.testng.reporters.JUnitReportReporter -->
<testsuite skipped="0" hostname="EPLTVILW0107" name="com.epam.automation.test.EstimatedParametersTest" tests="5" failures="0" timestamp="2022-03-30T18:11:58 EEST" time="84.261" errors="0">
  <testcase name="testVerifyVMClassField" time="15.778" classname="com.epam.automation.test.EstimatedParametersTest"/>
  <system-out/>
  <testcase name="testVerifyCommitmentTerm" time="18.029" classname="com.epam.automation.test.EstimatedParametersTest"/>
  <system-out/>
  <testcase name="testVerifyLocalSSD" time="18.057" classname="com.epam.automation.test.EstimatedParametersTest"/>
  <system-out/>
  <testcase name="testVerifyInstanceType" time="16.235" classname="com.epam.automation.test.EstimatedParametersTest"/>
  <system-out/>
  <testcase name="testVerifyRegion" time="16.162" classname="com.epam.automation.test.EstimatedParametersTest"/>
  <system-out/>
</testsuite> <!-- com.epam.automation.test.EstimatedParametersTest -->
